<?xml version="1.0" encoding="UTF-8"?>
<!-- Generated by org.testng.reporters.JUnitReportReporter -->
<testsuite hostname="User-PC" name="com.connecticus.netchain2.tests.demo.DemoTest" tests="1" failures="0" timestamp="30 Dec 2017 12:56:49 GMT" time="9.092" errors="0">
  <testcase name="launchLoginPage" time="9.092" classname="com.connecticus.netchain2.tests.demo.DemoTest"/>
</testsuite> <!-- com.connecticus.netchain2.tests.demo.DemoTest -->
